***  Installation Started 02/07/2012 22:19  ***
Title: ArduIMU Test Installation
Source: C:\Users\Ahmad Byagowi\Desktop\ArduIMU\Setup.exe | 02-07-2012 | 22:18:06 | 4301540
Made Dir: C:\Program Files (x86)\ArduPilot
Made Dir: C:\Program Files (x86)\ArduPilot\ArduIMU
File Copy: C:\Program Files (x86)\ArduPilot\ArduIMU\UNWISE.EXE | 05-24-2001 | 12:59:30 | | 162304 | 432c52a3
RegDB Key: Software\Microsoft\Windows\CurrentVersion\Uninstall\ArduIMU Test
RegDB Val: ArduIMU Test
RegDB Name: DisplayName
RegDB Root: 2
RegDB Key: Software\Microsoft\Windows\CurrentVersion\Uninstall\ArduIMU Test
RegDB Val: C:\PROGRA~2\ARDUPI~1\ArduIMU\UNWISE.EXE C:\PROGRA~2\ARDUPI~1\ArduIMU\INSTALL.LOG
RegDB Name: UninstallString
RegDB Root: 2
File Copy: C:\Windows\System32\MSCOMM32.OCX | 10-10-2000 | 10:01:04 | 6.0.88.77 | 162816 | fdc6e127
File Copy: C:\Windows\System32\dx8vb.dll | 04-13-2008 | 20:11:52 | 5.3.2600.5512 | 1227264 | c07ad36e
File Copy: C:\Program Files (x86)\ArduPilot\ArduIMU\ArduIMUTest.exe | 05-14-2011 | 09:09:44 | 1.1.0.19 | 364544 | 4085fb58
File Copy: C:\Program Files (x86)\ArduPilot\ArduIMU\GPSEmulator.exe | 05-14-2011 | 09:10:00 | 2.2.0.9 | 1269760 | 58ee8fb
File Copy: C:\Program Files (x86)\ArduPilot\ArduIMU\Maps.html | 05-14-2011 | 08:39:20 | | 24919 | c2661746
Made Dir: C:\Program Files (x86)\ArduPilot\ArduIMU\com0com
File Copy: C:\Program Files (x86)\ArduPilot\ArduIMU\com0com\com0com.inf | 11-15-2007 | 08:13:54 | | 4224 | 6af4b335
File Copy: C:\Program Files (x86)\ArduPilot\ArduIMU\com0com\com0com.sys | 05-29-2009 | 10:01:02 | 2.2.1.0 | 61440 | 5d4732e0
File Copy: C:\Program Files (x86)\ArduPilot\ArduIMU\com0com\ReadMe.txt | 05-20-2009 | 09:54:10 | | 12665 | 29cc0210
File Copy: C:\Program Files (x86)\ArduPilot\ArduIMU\com0com\setup.dll | 05-29-2009 | 10:01:02 | 2.2.1.0 | 39936 | 6d1bb724
File Copy: C:\Program Files (x86)\ArduPilot\ArduIMU\com0com\setupc.bat | 02-19-2011 | 18:25:32 | | 170 | 9ab1d267
File Copy: C:\Program Files (x86)\ArduPilot\ArduIMU\com0com\setupc.exe | 05-29-2009 | 10:01:02 | | 4096 | 691ac299
File Copy: C:\Program Files (x86)\ArduPilot\ArduIMU\com0com\setupg.exe | 05-29-2009 | 10:01:12 | | 135168 | 8fd9a6d3
File Copy: C:\Program Files (x86)\ArduPilot\ArduIMU\com0com\uninstall.exe | 12-13-2010 | 18:09:10 | | 66547 | c2cd46b
File Copy: C:\Program Files (x86)\ArduPilot\ArduIMU\Release.txt | 10-09-2010 | 21:55:22 | | 1603 | 7457fd4f
File Copy: C:\Program Files (x86)\ArduPilot\ArduIMU\HttpSrv.exe | 10-27-2009 | 22:36:18 | 1.0.0.36 | 77824 | 567e9297
Made Dir: C:\Program Files (x86)\ArduPilot\ArduIMU\3D Models
File Copy: C:\Program Files (x86)\ArduPilot\ArduIMU\3D Models\Yellow Plane -mi-.3DS | 11-20-2009 | 19:01:48 | | 6617 | ad41711a
File Copy: C:\Program Files (x86)\ArduPilot\ArduIMU\3D Models\Yellow Plane -mi-.jpg | 11-20-2009 | 19:00:06 | | 36224 | 3161682b
Made Dir: C:\Users\Ahmad Byagowi\AppData\Roaming\Microsoft\Windows\Start Menu\Programs\ArduPilot
Made Dir: C:\Users\Ahmad Byagowi\AppData\Roaming\Microsoft\Windows\Start Menu\Programs\ArduPilot\ArduIMU
Shell Link: C:\Users\Ahmad Byagowi\AppData\Roaming\Microsoft\Windows\Start Menu\Programs\ArduPilot\ArduIMU\ArduIMU Test.lnk
Link Info: C:\Program Files (x86)\ArduPilot\ArduIMU\ArduIMUTest.exe |  |  | 0 | 1 | 0 | 
Shell Link: C:\Users\Ahmad Byagowi\AppData\Roaming\Microsoft\Windows\Start Menu\Programs\ArduPilot\ArduIMU\GPS Emulator - Ardu.lnk
Link Info: C:\Program Files (x86)\ArduPilot\ArduIMU\GPSEmulator.exe |  |  | 0 | 1 | 0 | 
Shell Link: C:\Users\Ahmad Byagowi\AppData\Roaming\Microsoft\Windows\Start Menu\Programs\ArduPilot\ArduIMU\Release Notes.lnk
Link Info: C:\Program Files (x86)\ArduPilot\ArduIMU\Release.txt |  |  | 0 | 1 | 0 | 
Self-Register: C:\Windows\System32\oleaut32.dll
Self-Register: C:\Windows\System32\olepro32.dll
Self-Register: C:\Windows\System32\stdole2.tlb
Self-Register: C:\Windows\System32\msvbvm60.dll
Self-Register: C:\Windows\System32\comcat.dll
Self-Register: C:\Windows\System32\mfc42.dll
Self-Register: C:\Windows\System32\MSCOMCTL.OCX
Self-Register: C:\Windows\System32\COMDLG32.OCX
Self-Register: C:\Windows\System32\MSCOMM32.OCX
Self-Register: C:\Windows\System32\dx8vb.dll
User Rights: Admin
***  Installation Started 02/08/2012 10:59  ***
Title: ArduIMU Test Installation
Source: C:\Users\Ahmad Byagowi\Downloads\Setup (1).exe | 02-08-2012 | 10:59:50 | 4301540
File Overwrite: C:\Program Files (x86)\ArduPilot\ArduIMU\UNWISE.EXE | 05-24-2001 | 12:59:30 | | 162304 | 432c52a3
RegDB Key: Software\Microsoft\Windows\CurrentVersion\Uninstall\ArduIMU Test
RegDB Val: ArduIMU Test
RegDB Name: DisplayName
RegDB Root: 2
RegDB Old: ArduIMU Test
RegDB Key: Software\Microsoft\Windows\CurrentVersion\Uninstall\ArduIMU Test
RegDB Val: C:\PROGRA~2\ARDUPI~1\ArduIMU\UNWISE.EXE C:\PROGRA~2\ARDUPI~1\ArduIMU\INSTALL.LOG
RegDB Name: UninstallString
RegDB Root: 2
RegDB Old: C:\PROGRA~2\ARDUPI~1\ArduIMU\UNWISE.EXE C:\PROGRA~2\ARDUPI~1\ArduIMU\INSTALL.LOG
Date/Time: Following file not copied.
File Overwrite: C:\Windows\System32\MSCOMM32.OCX | 10-10-2000 | 10:01:04 | 6.0.88.77 | 162816 | fdc6e127
Date/Time: Following file not copied.
File Overwrite: C:\Windows\System32\dx8vb.dll | 04-13-2008 | 20:11:52 | 5.3.2600.5512 | 1227264 | c07ad36e
File Overwrite: C:\Program Files (x86)\ArduPilot\ArduIMU\ArduIMUTest.exe | 05-14-2011 | 09:09:44 | 1.1.0.19 | 364544 | 4085fb58
Date/Time: Following file not copied.
 File Copy: C:\Program Files (x86)\ArduPilot\ArduIMU\GPSEmulator.exe
File Overwrite: C:\Program Files (x86)\ArduPilot\ArduIMU\Maps.html | 05-14-2011 | 08:39:20 | | 24919 | c2661746
File Overwrite: C:\Program Files (x86)\ArduPilot\ArduIMU\com0com\com0com.inf | 11-15-2007 | 08:13:54 | | 4224 | 6af4b335
File Overwrite: C:\Program Files (x86)\ArduPilot\ArduIMU\com0com\com0com.sys | 05-29-2009 | 10:01:02 | 2.2.1.0 | 61440 | 5d4732e0
File Overwrite: C:\Program Files (x86)\ArduPilot\ArduIMU\com0com\ReadMe.txt | 05-20-2009 | 09:54:10 | | 12665 | 29cc0210
File Overwrite: C:\Program Files (x86)\ArduPilot\ArduIMU\com0com\setup.dll | 05-29-2009 | 10:01:02 | 2.2.1.0 | 39936 | 6d1bb724
File Overwrite: C:\Program Files (x86)\ArduPilot\ArduIMU\com0com\setupc.bat | 02-19-2011 | 18:25:32 | | 170 | 9ab1d267
File Overwrite: C:\Program Files (x86)\ArduPilot\ArduIMU\com0com\setupc.exe | 05-29-2009 | 10:01:02 | | 4096 | 691ac299
File Overwrite: C:\Program Files (x86)\ArduPilot\ArduIMU\com0com\setupg.exe | 05-29-2009 | 10:01:12 | | 135168 | 8fd9a6d3
File Overwrite: C:\Program Files (x86)\ArduPilot\ArduIMU\com0com\uninstall.exe | 12-13-2010 | 18:09:10 | | 66547 | c2cd46b
File Overwrite: C:\Program Files (x86)\ArduPilot\ArduIMU\Release.txt | 10-09-2010 | 21:55:22 | | 1603 | 7457fd4f
Date/Time: Following file not copied.
 File Copy: C:\Program Files (x86)\ArduPilot\ArduIMU\HttpSrv.exe
Date/Time: Following file not copied.
 File Copy: C:\Program Files (x86)\ArduPilot\ArduIMU\3D Models\Yellow Plane -mi-.3DS
Date/Time: Following file not copied.
 File Copy: C:\Program Files (x86)\ArduPilot\ArduIMU\3D Models\Yellow Plane -mi-.jpg
Shell Link: C:\Users\Ahmad Byagowi\AppData\Roaming\Microsoft\Windows\Start Menu\Programs\ArduPilot\ArduIMU\ArduIMU Test.lnk
Link Info: C:\Program Files (x86)\ArduPilot\ArduIMU\ArduIMUTest.exe |  |  | 0 | 1 | 0 | 
Shell Link: C:\Users\Ahmad Byagowi\AppData\Roaming\Microsoft\Windows\Start Menu\Programs\ArduPilot\ArduIMU\GPS Emulator - Ardu.lnk
Link Info: C:\Program Files (x86)\ArduPilot\ArduIMU\GPSEmulator.exe |  |  | 0 | 1 | 0 | 
Shell Link: C:\Users\Ahmad Byagowi\AppData\Roaming\Microsoft\Windows\Start Menu\Programs\ArduPilot\ArduIMU\Release Notes.lnk
Link Info: C:\Program Files (x86)\ArduPilot\ArduIMU\Release.txt |  |  | 0 | 1 | 0 | 
Self-Register: C:\Windows\System32\oleaut32.dll
Self-Register: C:\Windows\System32\olepro32.dll
Self-Register: C:\Windows\System32\stdole2.tlb
Self-Register: C:\Windows\System32\msvbvm60.dll
Self-Register: C:\Windows\System32\comcat.dll
Self-Register: C:\Windows\System32\mfc42.dll
Self-Register: C:\Windows\System32\MSCOMCTL.OCX
Self-Register: C:\Windows\System32\COMDLG32.OCX
Self-Register: C:\Windows\System32\MSCOMM32.OCX
Self-Register: C:\Windows\System32\dx8vb.dll
User Rights: Admin
